<?xml version="1.0" encoding="UTF-8"?>
<!-- Generated by org.testng.reporters.JUnitXMLReporter -->
<testsuite hostname="LAPTOP-E24KJM16" ignored="0" name="Command line test" tests="6" failures="0" timestamp="2022-01-21T19:39:48 GMT" time="0.055" errors="0">
  <testcase name="motorVehicle" time="0.01" classname="qaclickacademy.AppiumTest"/>
  <testcase name="motorVehicle1" time="0.0" classname="qaclickacademy.AppiumTest"/>
  <testcase name="electronics" time="0.0" classname="qaclickacademy.RESTAPITest"/>
  <testcase name="handMades" time="0.0" classname="qaclickacademy.RESTAPITest"/>
  <testcase name="beauty" time="0.0" classname="qaclickacademy.SeleniumTest"/>
  <testcase name="fashion" time="0.0" classname="qaclickacademy.SeleniumTest"/>
</testsuite> <!-- Command line test -->
