<?xml version="1.0" encoding="UTF-8"?>
<!-- Generated by org.testng.reporters.JUnitXMLReporter -->
<testsuite hostname="LAPTOP-E24KJM16" ignored="0" name="Test" tests="4" failures="0" timestamp="2022-01-18T19:51:34 GMT" time="0.061" errors="0">
  <testcase name="beauty" time="0.007" classname="qaclickacademy.SeleniumTest"/>
  <testcase name="fashion" time="0.0" classname="qaclickacademy.SeleniumTest"/>
  <testcase name="electronics" time="0.0" classname="qaclickacademy.RESTAPITest"/>
  <testcase name="handMades" time="0.0" classname="qaclickacademy.RESTAPITest"/>
</testsuite> <!-- Test -->
